<?xml version="1.0" encoding="UTF-8"?>
<coverage generated="1753348202261" clover="3.2.0">
  <project timestamp="1753348202261" name="All files">
    <metrics statements="16" coveredstatements="16" conditionals="4" coveredconditionals="4" methods="6" coveredmethods="6" elements="26" coveredelements="26" complexity="0" loc="16" ncloc="16" packages="1" files="1" classes="1"/>
    <file name="TodoApp.tsx" path="/Users/serhatgenc/Documents/projects/worq-todo-app/frontend/src/components/TodoApp.tsx">
      <metrics statements="16" coveredstatements="16" conditionals="4" coveredconditionals="4" methods="6" coveredmethods="6"/>
      <line num="1" count="1" type="stmt"/>
      <line num="8" count="1" type="stmt"/>
      <line num="9" count="18" type="stmt"/>
      <line num="10" count="18" type="stmt"/>
      <line num="12" count="18" type="stmt"/>
      <line num="13" count="7" type="stmt"/>
      <line num="15" count="7" type="cond" truecount="3" falsecount="0"/>
      <line num="16" count="3" type="stmt"/>
      <line num="20" count="3" type="stmt"/>
      <line num="21" count="3" type="stmt"/>
      <line num="25" count="18" type="stmt"/>
      <line num="26" count="1" type="cond" truecount="1" falsecount="0"/>
      <line num="27" count="1" type="stmt"/>
      <line num="31" count="18" type="stmt"/>
      <line num="41" count="7" type="stmt"/>
      <line num="55" count="4" type="stmt"/>
    </file>
  </project>
</coverage>
