{"/Users/serhatgenc/Documents/projects/worq-todo-app/frontend/src/components/TodoApp.tsx": {"path":"/Users/serhatgenc/Documents/projects/worq-todo-app/frontend/src/components/TodoApp.tsx","statementMap":{"0":{"start":{"line":1,"column":0},"end":{"line":1,"column":33}},"1":{"start":{"line":8,"column":23},"end":{"line":62,"column":1}},"2":{"start":{"line":9,"column":38},"end":{"line":9,"column":50}},"3":{"start":{"line":10,"column":28},"end":{"line":10,"column":48}},"4":{"start":{"line":12,"column":24},"end":{"line":23,"column":3}},"5":{"start":{"line":13,"column":25},"end":{"line":13,"column":42}},"6":{"start":{"line":15,"column":4},"end":{"line":22,"column":5}},"7":{"start":{"line":15,"column":46},"end":{"line":15,"column":72}},"8":{"start":{"line":16,"column":28},"end":{"line":19,"column":8}},"9":{"start":{"line":20,"column":6},"end":{"line":20,"column":36}},"10":{"start":{"line":21,"column":6},"end":{"line":21,"column":24}},"11":{"start":{"line":25,"column":24},"end":{"line":29,"column":3}},"12":{"start":{"line":26,"column":4},"end":{"line":28,"column":5}},"13":{"start":{"line":27,"column":6},"end":{"line":27,"column":22}},"14":{"start":{"line":31,"column":2},"end":{"line":61,"column":4}},"15":{"start":{"line":41,"column":27},"end":{"line":41,"column":56}},"16":{"start":{"line":55,"column":10},"end":{"line":55,"column":28}},"17":{"start":{"line":8,"column":13},"end":{"line":8,"column":23}}},"fnMap":{"0":{"name":"(anonymous_0)","decl":{"start":{"line":8,"column":23},"end":{"line":8,"column":26}},"loc":{"start":{"line":8,"column":28},"end":{"line":62,"column":1}}},"1":{"name":"(anonymous_1)","decl":{"start":{"line":12,"column":24},"end":{"line":12,"column":27}},"loc":{"start":{"line":12,"column":29},"end":{"line":23,"column":3}}},"2":{"name":"(anonymous_2)","decl":{"start":{"line":15,"column":36},"end":{"line":15,"column":37}},"loc":{"start":{"line":15,"column":46},"end":{"line":15,"column":72}}},"3":{"name":"(anonymous_3)","decl":{"start":{"line":25,"column":24},"end":{"line":25,"column":25}},"loc":{"start":{"line":25,"column":69},"end":{"line":29,"column":3}}},"4":{"name":"(anonymous_4)","decl":{"start":{"line":41,"column":20},"end":{"line":41,"column":21}},"loc":{"start":{"line":41,"column":27},"end":{"line":41,"column":56}}},"5":{"name":"(anonymous_5)","decl":{"start":{"line":54,"column":19},"end":{"line":54,"column":20}},"loc":{"start":{"line":55,"column":10},"end":{"line":55,"column":28}}}},"branchMap":{"0":{"loc":{"start":{"line":15,"column":4},"end":{"line":22,"column":5}},"type":"if","locations":[{"start":{"line":15,"column":4},"end":{"line":22,"column":5}}]},"1":{"loc":{"start":{"line":15,"column":8},"end":{"line":15,"column":73}},"type":"binary-expr","locations":[{"start":{"line":15,"column":8},"end":{"line":15,"column":20}},{"start":{"line":15,"column":24},"end":{"line":15,"column":73}}]},"2":{"loc":{"start":{"line":26,"column":4},"end":{"line":28,"column":5}},"type":"if","locations":[{"start":{"line":26,"column":4},"end":{"line":28,"column":5}}]}},"s":{"0":1,"1":1,"2":18,"3":18,"4":18,"5":7,"6":7,"7":1,"8":3,"9":3,"10":3,"11":18,"12":1,"13":1,"14":18,"15":7,"16":4,"17":1},"f":{"0":18,"1":7,"2":1,"3":1,"4":7,"5":4},"b":{"0":[3],"1":[7,4],"2":[1]}}
}
