TN:
SF:src/components/TodoApp.tsx
FN:8,(anonymous_0)
FN:12,(anonymous_1)
FN:15,(anonymous_2)
FN:25,(anonymous_3)
FN:41,(anonymous_4)
FN:54,(anonymous_5)
FNF:6
FNH:6
FNDA:18,(anonymous_0)
FNDA:7,(anonymous_1)
FNDA:1,(anonymous_2)
FNDA:1,(anonymous_3)
FNDA:7,(anonymous_4)
FNDA:4,(anonymous_5)
DA:1,1
DA:8,1
DA:9,18
DA:10,18
DA:12,18
DA:13,7
DA:15,7
DA:16,3
DA:20,3
DA:21,3
DA:25,18
DA:26,1
DA:27,1
DA:31,18
DA:41,7
DA:55,4
LF:16
LH:16
BRDA:15,0,0,3
BRDA:15,1,0,7
BRDA:15,1,1,4
BRDA:26,2,0,1
BRF:4
BRH:4
end_of_record
